[    0.000000] Linux version 4.15.0-154-generic (buildd@lcy01-amd64-011) (gcc version 7.5.0 (Ubuntu 7.5.0-3ubuntu1~18.04)) #161-Ubuntu SMP Fri Jul 30 13:04:17 UTC 2021 (Ubuntu 4.15.0-154.161-generic 4.15.18)
[    0.000000] Command line: BOOT_IMAGE=/boot/vmlinuz-4.15.0-154-generic root=LABEL=cloudimg-rootfs ro console=tty1 console=ttyS0
[    0.000000] KERNEL supported cpus:
[    0.000000]   Intel GenuineIntel
[    0.000000]   AMD AuthenticAMD
[    0.000000]   Centaur CentaurHauls
[    0.000000] x86/fpu: Supporting XSAVE feature 0x001: 'x87 floating point registers'
[    0.000000] x86/fpu: Supporting XSAVE feature 0x002: 'SSE registers'
[    0.000000] x86/fpu: Supporting XSAVE feature 0x004: 'AVX registers'
[    0.000000] x86/fpu: xstate_offset[2]:  576, xstate_sizes[2]:  256
[    0.000000] x86/fpu: Enabled xstate features 0x7, context size is 832 bytes, using 'standard' format.
[    0.000000] e820: BIOS-provided physical RAM map:
[    0.000000] BIOS-e820: [mem 0x0000000000000000-0x000000000009fbff] usable
[    0.000000] BIOS-e820: [mem 0x000000000009fc00-0x000000000009ffff] reserved
[    0.000000] BIOS-e820: [mem 0x00000000000f0000-0x00000000000fffff] reserved
[    0.000000] BIOS-e820: [mem 0x0000000000100000-0x000000003ffeffff] usable
[    0.000000] BIOS-e820: [mem 0x000000003fff0000-0x000000003fffffff] ACPI data
[    0.000000] BIOS-e820: [mem 0x00000000fec00000-0x00000000fec00fff] reserved
[    0.000000] BIOS-e820: [mem 0x00000000fee00000-0x00000000fee00fff] reserved
[    0.000000] BIOS-e820: [mem 0x00000000fffc0000-0x00000000ffffffff] reserved
[    0.000000] NX (Execute Disable) protection: active
[    0.000000] SMBIOS 2.5 present.
[    0.000000] DMI: innotek GmbH VirtualBox/VirtualBox, BIOS VirtualBox 12/01/2006
[    0.000000] Hypervisor detected: KVM
[    0.000000] e820: last_pfn = 0x3fff0 max_arch_pfn = 0x400000000
[    0.000000] MTRR: Disabled
[    0.000000] x86/PAT: MTRRs disabled, skipping PAT initialization too.
[    0.000000] CPU MTRRs all blank - virtualized system.
[    0.000000] x86/PAT: Configuration [0-7]: WB  WT  UC- UC  WB  WT  UC- UC  
[    0.000000] found SMP MP-table at [mem 0x0009fff0-0x0009ffff]
[    0.000000] Scanning 1 areas for low memory corruption
[    0.000000] RAMDISK: [mem 0x359cf000-0x36cdefff]
[    0.000000] ACPI: Early table checksum verification disabled
[    0.000000] ACPI: RSDP 0x00000000000E0000 000024 (v02 VBOX  )
[    0.000000] ACPI: XSDT 0x000000003FFF0030 00003C (v01 VBOX   VBOXXSDT 00000001 ASL  00000061)
[    0.000000] ACPI: FACP 0x000000003FFF00F0 0000F4 (v04 VBOX   VBOXFACP 00000001 ASL  00000061)
[    0.000000] ACPI: DSDT 0x000000003FFF0470 002325 (v02 VBOX   VBOXBIOS 00000002 INTL 20100528)
[    0.000000] ACPI: FACS 0x000000003FFF0200 000040
[    0.000000] ACPI: FACS 0x000000003FFF0200 000040
[    0.000000] ACPI: APIC 0x000000003FFF0240 00005C (v02 VBOX   VBOXAPIC 00000001 ASL  00000061)
[    0.000000] ACPI: SSDT 0x000000003FFF02A0 0001CC (v01 VBOX   VBOXCPUT 00000002 INTL 20100528)
[    0.000000] ACPI: Reserving FACP table memory at [mem 0x3fff00f0-0x3fff01e3]
[    0.000000] ACPI: Reserving DSDT table memory at [mem 0x3fff0470-0x3fff2794]
[    0.000000] ACPI: Reserving FACS table memory at [mem 0x3fff0200-0x3fff023f]
[    0.000000] ACPI: Reserving FACS table memory at [mem 0x3fff0200-0x3fff023f]
[    0.000000] ACPI: Reserving APIC table memory at [mem 0x3fff0240-0x3fff029b]
[    0.000000] ACPI: Reserving SSDT table memory at [mem 0x3fff02a0-0x3fff046b]
[    0.000000] No NUMA configuration found
[    0.000000] Faking a node at [mem 0x0000000000000000-0x000000003ffeffff]
[    0.000000] NODE_DATA(0) allocated [mem 0x3ffc5000-0x3ffeffff]
[    0.000000] kvm-clock: cpu 0, msr 0:3ff44001, primary cpu clock
[    0.000000] kvm-clock: Using msrs 4b564d01 and 4b564d00
[    0.000000] kvm-clock: using sched offset of 3896632919 cycles
[    0.000000] clocksource: kvm-clock: mask: 0xffffffffffffffff max_cycles: 0x1cd42e4dffb, max_idle_ns: 881590591483 ns
[    0.000000] Zone ranges:
[    0.000000]   DMA      [mem 0x0000000000001000-0x0000000000ffffff]
[    0.000000]   DMA32    [mem 0x0000000001000000-0x000000003ffeffff]
[    0.000000]   Normal   empty
[    0.000000]   Device   empty
[    0.000000] Movable zone start for each node
[    0.000000] Early memory node ranges
[    0.000000]   node   0: [mem 0x0000000000001000-0x000000000009efff]
[    0.000000]   node   0: [mem 0x0000000000100000-0x000000003ffeffff]
[    0.000000] Reserved but unavailable: 104 pages
[    0.000000] Initmem setup node 0 [mem 0x0000000000001000-0x000000003ffeffff]
[    0.000000] ACPI: PM-Timer IO Port: 0x4008
[    0.000000] IOAPIC[0]: apic_id 2, version 32, address 0xfec00000, GSI 0-23
[    0.000000] ACPI: INT_SRC_OVR (bus 0 bus_irq 0 global_irq 2 dfl dfl)
[    0.000000] ACPI: INT_SRC_OVR (bus 0 bus_irq 9 global_irq 9 low level)
[    0.000000] Using ACPI (MADT) for SMP configuration information
[    0.000000] smpboot: Allowing 2 CPUs, 0 hotplug CPUs
[    0.000000] PM: Registered nosave memory: [mem 0x00000000-0x00000fff]
[    0.000000] PM: Registered nosave memory: [mem 0x0009f000-0x0009ffff]
[    0.000000] PM: Registered nosave memory: [mem 0x000a0000-0x000effff]
[    0.000000] PM: Registered nosave memory: [mem 0x000f0000-0x000fffff]
[    0.000000] e820: [mem 0x40000000-0xfebfffff] available for PCI devices
[    0.000000] Booting paravirtualized kernel on KVM
[    0.000000] clocksource: refined-jiffies: mask: 0xffffffff max_cycles: 0xffffffff, max_idle_ns: 7645519600211568 ns
[    0.000000] random: get_random_bytes called from start_kernel+0x99/0x500 with crng_init=0
[    0.000000] setup_percpu: NR_CPUS:8192 nr_cpumask_bits:2 nr_cpu_ids:2 nr_node_ids:1
[    0.000000] percpu: Embedded 45 pages/cpu s147456 r8192 d28672 u1048576
[    0.000000] PV qspinlock hash table entries: 256 (order: 0, 4096 bytes)
[    0.000000] Built 1 zonelists, mobility grouping on.  Total pages: 257913
[    0.000000] Policy zone: DMA32
[    0.000000] Kernel command line: BOOT_IMAGE=/boot/vmlinuz-4.15.0-154-generic root=LABEL=cloudimg-rootfs ro console=tty1 console=ttyS0
[    0.000000] Memory: 982716K/1048120K available (12300K kernel code, 2483K rwdata, 4320K rodata, 2448K init, 2724K bss, 65404K reserved, 0K cma-reserved)
[    0.000000] SLUB: HWalign=64, Order=0-3, MinObjects=0, CPUs=2, Nodes=1
[    0.000000] Kernel/User page tables isolation: enabled
[    0.000000] ftrace: allocating 39461 entries in 155 pages
[    0.004000] Hierarchical RCU implementation.
[    0.004000] 	RCU restricting CPUs from NR_CPUS=8192 to nr_cpu_ids=2.
[    0.004000] 	Tasks RCU enabled.
[    0.004000] RCU: Adjusting geometry for rcu_fanout_leaf=16, nr_cpu_ids=2
[    0.004000] NR_IRQS: 524544, nr_irqs: 440, preallocated irqs: 16
[    0.004000] Console: colour VGA+ 80x25
[    0.004000] console [tty1] enabled
[    0.004000] console [ttyS0] enabled
[    0.004000] ACPI: Core revision 20170831
[    0.004000] ACPI: 2 ACPI AML tables successfully acquired and loaded
[    0.004000] APIC: Switch to symmetric I/O mode setup
[    0.004000] x2apic enabled
[    0.004000] Switched APIC routing to physical x2apic.
[    0.004000] ..TIMER: vector=0x30 apic1=0 pin1=2 apic2=-1 pin2=-1
[    0.004006] tsc: Detected 1799.997 MHz processor
[    0.005034] Calibrating delay loop (skipped) preset value.. 3599.99 BogoMIPS (lpj=7199988)
[    0.008002] pid_max: default: 32768 minimum: 301
[    0.010033] Security Framework initialized
[    0.012007] Yama: becoming mindful.
[    0.013216] AppArmor: AppArmor initialized
[    0.016009] Dentry cache hash table entries: 131072 (order: 8, 1048576 bytes)
[    0.020092] Inode-cache hash table entries: 65536 (order: 7, 524288 bytes)
[    0.021965] Mount-cache hash table entries: 2048 (order: 2, 16384 bytes)
[    0.023409] Mountpoint-cache hash table entries: 2048 (order: 2, 16384 bytes)
[    0.024299] Last level iTLB entries: 4KB 64, 2MB 8, 4MB 8
[    0.025494] Last level dTLB entries: 4KB 64, 2MB 0, 4MB 0, 1GB 4
[    0.028003] Spectre V1 : Mitigation: usercopy/swapgs barriers and __user pointer sanitization
[    0.029861] Spectre V2 : Mitigation: Full generic retpoline
[    0.031172] Spectre V2 : Spectre v2 / SpectreRSB mitigation: Filling RSB on context switch
[    0.032002] Speculative Store Bypass: Vulnerable
[    0.033144] SRBDS: Unknown: Dependent on hypervisor status
[    0.034351] MDS: Mitigation: Clear CPU buffers
[    0.036202] Freeing SMP alternatives memory: 36K
[    0.148342] smpboot: CPU0: Intel(R) Core(TM) i5-8250U CPU @ 1.60GHz (family: 0x6, model: 0x8e, stepping: 0xa)
[    0.150704] Performance Events: unsupported p6 CPU model 142 no PMU driver, software events only.
[    0.152034] Hierarchical SRCU implementation.
[    0.153571] NMI watchdog: Perf event create on CPU 0 failed with -2
[    0.155132] NMI watchdog: Perf NMI watchdog permanently disabled
[    0.156043] smp: Bringing up secondary CPUs ...
[    0.157155] x86: Booting SMP configuration:
[    0.158120] .... node  #0, CPUs:      #1
[    0.004000] kvm-clock: cpu 1, msr 0:3ff44041, secondary cpu clock
[    0.163506] smp: Brought up 1 node, 2 CPUs
[    0.164005] smpboot: Max logical packages: 1
[    0.165007] smpboot: Total of 2 processors activated (7199.98 BogoMIPS)
[    0.166588] devtmpfs: initialized
[    0.168078] x86/mm: Memory block size: 128MB
[    0.169190] evm: security.selinux
[    0.170001] evm: security.SMACK64
[    0.170799] evm: security.SMACK64EXEC
[    0.171707] evm: security.SMACK64TRANSMUTE
[    0.172002] evm: security.SMACK64MMAP
[    0.172866] evm: security.apparmor
[    0.173681] evm: security.ima
[    0.176002] evm: security.capability
[    0.176955] clocksource: jiffies: mask: 0xffffffff max_cycles: 0xffffffff, max_idle_ns: 7645041785100000 ns
[    0.178333] futex hash table entries: 512 (order: 3, 32768 bytes)
[    0.180046] pinctrl core: initialized pinctrl subsystem
[    0.184107] RTC time: 15:05:37, date: 09/17/21
[    0.185295] NET: Registered protocol family 16
[    0.186470] audit: initializing netlink subsys (disabled)
[    0.188035] audit: type=2000 audit(1631891142.948:1): state=initialized audit_enabled=0 res=1
[    0.190177] cpuidle: using governor ladder
[    0.192009] cpuidle: using governor menu
[    0.193033] ACPI: bus type PCI registered
[    0.194259] acpiphp: ACPI Hot Plug PCI Controller Driver version: 0.5
[    0.196126] PCI: Using configuration type 1 for base access
[    0.200146] HugeTLB registered 2.00 MiB page size, pre-allocated 0 pages
[    0.201531] ACPI: Added _OSI(Module Device)
[    0.201531] ACPI: Added _OSI(Processor Device)
[    0.204003] ACPI: Added _OSI(3.0 _SCP Extensions)
[    0.205148] ACPI: Added _OSI(Processor Aggregator Device)
[    0.206727] ACPI: Added _OSI(Linux-Dell-Video)
[    0.208003] ACPI: Added _OSI(Linux-Lenovo-NV-HDMI-Audio)
[    0.209206] ACPI: Added _OSI(Linux-HPI-Hybrid-Graphics)
[    0.211063] ACPI: Executed 1 blocks of module-level executable AML code
[    0.218050] ACPI: Interpreter enabled
[    0.219132] ACPI: (supports S0 S5)
[    0.220005] ACPI: Using IOAPIC for interrupt routing
[    0.221701] PCI: Using host bridge windows from ACPI; if necessary, use "pci=nocrs" and report a bug
[    0.224199] ACPI: Enabled 2 GPEs in block 00 to 07
[    0.233879] ACPI: PCI Root Bridge [PCI0] (domain 0000 [bus 00-ff])
[    0.235301] acpi PNP0A03:00: _OSC: OS supports [ASPM ClockPM Segments MSI]
[    0.244283] acpi PNP0A03:00: _OSC: not requesting OS control; OS requires [ExtendedConfig ASPM ClockPM MSI]
[    0.247635] acpi PNP0A03:00: fail to add MMCONFIG information, can't access extended PCI configuration space under this bridge.
[    0.248612] PCI host bridge to bus 0000:00
[    0.252024] pci_bus 0000:00: root bus resource [io  0x0000-0x0cf7 window]
[    0.253662] pci_bus 0000:00: root bus resource [io  0x0d00-0xffff window]
[    0.255533] pci_bus 0000:00: root bus resource [mem 0x000a0000-0x000bffff window]
[    0.256007] pci_bus 0000:00: root bus resource [mem 0x40000000-0xfdffffff window]
[    0.260044] pci_bus 0000:00: root bus resource [bus 00-ff]
[    0.266909] pci 0000:00:01.1: legacy IDE quirk: reg 0x10: [io  0x01f0-0x01f7]
[    0.268009] pci 0000:00:01.1: legacy IDE quirk: reg 0x14: [io  0x03f6]
[    0.269799] pci 0000:00:01.1: legacy IDE quirk: reg 0x18: [io  0x0170-0x0177]
[    0.272006] pci 0000:00:01.1: legacy IDE quirk: reg 0x1c: [io  0x0376]
[    0.289052] pci 0000:00:07.0: quirk: [io  0x4000-0x403f] claimed by PIIX4 ACPI
[    0.290962] pci 0000:00:07.0: quirk: [io  0x4100-0x410f] claimed by PIIX4 SMB
[    0.299619] ACPI: PCI Interrupt Link [LNKA] (IRQs 5 9 10 *11)
[    0.300390] ACPI: PCI Interrupt Link [LNKB] (IRQs 5 9 *10 11)
[    0.301905] ACPI: PCI Interrupt Link [LNKC] (IRQs 5 *9 10 11)
[    0.304112] ACPI: PCI Interrupt Link [LNKD] (IRQs 5 9 10 *11)
[    0.305699] SCSI subsystem initialized
[    0.306602] pci 0000:00:02.0: vgaarb: setting as boot VGA device
[    0.306602] pci 0000:00:02.0: vgaarb: VGA device added: decodes=io+mem,owns=io+mem,locks=none
[    0.308009] pci 0000:00:02.0: vgaarb: bridge control possible
[    0.309338] vgaarb: loaded
[    0.312027] ACPI: bus type USB registered
[    0.312996] usbcore: registered new interface driver usbfs
[    0.314228] usbcore: registered new interface driver hub
[    0.316008] usbcore: registered new device driver usb
[    0.317157] EDAC MC: Ver: 3.0.0
[    0.317157] PCI: Using ACPI for IRQ routing
[    0.320201] NetLabel: Initializing
[    0.321065] NetLabel:  domain hash size = 128
[    0.322083] NetLabel:  protocols = UNLABELED CIPSOv4 CALIPSO
[    0.323367] NetLabel:  unlabeled traffic allowed by default
[    0.324083] clocksource: Switched to clocksource kvm-clock
[    0.374775] VFS: Disk quotas dquot_6.6.0
[    0.376732] VFS: Dquot-cache hash table entries: 512 (order 0, 4096 bytes)
[    0.378911] AppArmor: AppArmor Filesystem Enabled
[    0.380543] pnp: PnP ACPI init
[    0.383586] pnp: PnP ACPI: found 3 devices
[    0.395453] clocksource: acpi_pm: mask: 0xffffff max_cycles: 0xffffff, max_idle_ns: 2085701024 ns
[    0.398855] NET: Registered protocol family 2
[    0.400983] TCP established hash table entries: 8192 (order: 4, 65536 bytes)
[    0.403765] TCP bind hash table entries: 8192 (order: 5, 131072 bytes)
[    0.410628] TCP: Hash tables configured (established 8192 bind 8192)
[    0.412817] UDP hash table entries: 512 (order: 2, 16384 bytes)
[    0.414912] UDP-Lite hash table entries: 512 (order: 2, 16384 bytes)
[    0.417011] NET: Registered protocol family 1
[    0.418325] pci 0000:00:00.0: Limiting direct PCI/PCI transfers
[    0.420575] pci 0000:00:01.0: Activating ISA DMA hang workarounds
[    0.422839] pci 0000:00:02.0: Video device with shadowed ROM at [mem 0x000c0000-0x000dffff]
[    0.425595] Unpacking initramfs...
[    0.825686] Freeing initrd memory: 19520K
[    0.826808] clocksource: tsc: mask: 0xffffffffffffffff max_cycles: 0x19f226b2958, max_idle_ns: 440795203083 ns
[    0.829408] platform rtc_cmos: registered platform RTC device (no PNP device found)
[    0.831271] Scanning for low memory corruption every 60 seconds
[    0.833448] Initialise system trusted keyrings
[    0.834546] Key type blacklist registered
[    0.835733] workingset: timestamp_bits=36 max_order=18 bucket_order=0
[    0.838409] zbud: loaded
[    0.839702] squashfs: version 4.0 (2009/01/31) Phillip Lougher
[    0.841737] fuse init (API version 7.26)
[    0.845932] Key type asymmetric registered
[    0.847103] Asymmetric key parser 'x509' registered
[    0.848315] Block layer SCSI generic (bsg) driver version 0.4 loaded (major 246)
[    0.850295] io scheduler noop registered
[    0.851342] io scheduler deadline registered
[    0.852699] io scheduler cfq registered (default)
[    0.854258] ACPI: AC Adapter [AC] (off-line)
[    0.855364] input: Power Button as /devices/LNXSYSTM:00/LNXPWRBN:00/input/input0
[    0.857382] ACPI: Power Button [PWRF]
[    0.858448] input: Sleep Button as /devices/LNXSYSTM:00/LNXSLPBN:00/input/input1
[    0.860166] ACPI: Sleep Button [SLPF]
[    0.862525] ACPI: Battery Slot [BAT0] (battery present)
[    0.863789] Serial: 8250/16550 driver, 32 ports, IRQ sharing enabled
[    0.886251] 00:02: ttyS0 at I/O 0x3f8 (irq = 4, base_baud = 115200) is a 16550A
[    0.893301] Linux agpgart interface v0.103
[    0.896164] loop: module loaded
[    0.897610] scsi host0: ata_piix
[    0.898796] scsi host1: ata_piix
[    0.899644] ata1: PATA max UDMA/33 cmd 0x1f0 ctl 0x3f6 bmdma 0xd000 irq 14
[    0.901293] ata2: PATA max UDMA/33 cmd 0x170 ctl 0x376 bmdma 0xd008 irq 15
[    0.903570] libphy: Fixed MDIO Bus: probed
[    0.904609] tun: Universal TUN/TAP device driver, 1.6
[    0.905947] PPP generic driver version 2.4.2
[    0.907201] ehci_hcd: USB 2.0 'Enhanced' Host Controller (EHCI) Driver
[    0.908933] ehci-pci: EHCI PCI platform driver
[    0.909994] ehci-platform: EHCI generic platform driver
[    0.911282] ohci_hcd: USB 1.1 'Open' Host Controller (OHCI) Driver
[    0.913466] ohci-pci: OHCI PCI platform driver
[    0.914827] ohci-platform: OHCI generic platform driver
[    0.916155] uhci_hcd: USB Universal Host Controller Interface driver
[    0.917629] i8042: PNP: PS/2 Controller [PNP0303:PS2K,PNP0f03:PS2M] at 0x60,0x64 irq 1,12
[    0.920289] serio: i8042 KBD port at 0x60,0x64 irq 1
[    0.921496] serio: i8042 AUX port at 0x60,0x64 irq 12
[    0.922928] mousedev: PS/2 mouse device common for all mice
[    0.925077] rtc_cmos rtc_cmos: rtc core: registered rtc_cmos as rtc0
[    0.926571] input: AT Translated Set 2 keyboard as /devices/platform/i8042/serio0/input/input2
[    0.928624] rtc_cmos rtc_cmos: alarms up to one day, 114 bytes nvram
[    0.930145] i2c /dev entries driver
[    0.931129] device-mapper: uevent: version 1.0.3
[    0.932503] device-mapper: ioctl: 4.37.0-ioctl (2017-09-20) initialised: dm-devel@redhat.com
[    0.934672] ledtrig-cpu: registered to indicate activity on CPUs
[    0.936816] NET: Registered protocol family 10
[    0.942218] Segment Routing with IPv6
[    0.943203] NET: Registered protocol family 17
[    0.944344] Key type dns_resolver registered
[    0.945715] mce: Using 0 MCE banks
[    0.946572] RAS: Correctable Errors collector initialized.
[    0.947819] sched_clock: Marking stable (945693558, 0)->(1236579835, -290886277)
[    0.950394] registered taskstats version 1
[    0.951397] Loading compiled-in X.509 certificates
[    0.954923] Loaded X.509 cert 'Build time autogenerated kernel key: 369b16149153afe509b010c5493c788cd1d7da9f'
[    0.957668] Loaded X.509 cert 'Canonical Ltd. Live Patch Signing: 14df34d1a87cf37625abec039ef2bf521249b969'
[    0.960352] Loaded X.509 cert 'Canonical Ltd. Kernel Module Signing: 88f752e560a1e0737e31163a466ad7b70a850c19'
[    0.962579] zswap: loaded using pool lzo/zbud
[    0.967494] Key type big_key registered
[    0.968660] Key type trusted registered
[    0.971651] Key type encrypted registered
[    0.972683] AppArmor: AppArmor sha1 policy hashing enabled
[    0.973891] ima: No TPM chip found, activating TPM-bypass! (rc=-19)
[    0.975302] ima: Allocated hash algorithm: sha1
[    0.976370] evm: HMAC attrs: 0x1
[    0.977353]   Magic number: 5:400:83
[    0.978410] rtc_cmos rtc_cmos: setting system clock to 2021-09-17 15:05:38 UTC (1631891138)
[    0.980512] BIOS EDD facility v0.16 2004-Jun-25, 0 devices found
[    0.981922] EDD information not available.
[    1.194512] Freeing unused kernel image memory: 2448K
[    1.625528] Write protecting the kernel read-only data: 20480k
[    1.630803] Freeing unused kernel image memory: 2008K
[    1.634879] Freeing unused kernel image memory: 1824K
[    1.659424] x86/mm: Checked W+X mappings: passed, no W+X pages found.
[    1.661206] x86/mm: Checking user space page tables
[    1.671658] x86/mm: Checked W+X mappings: passed, no W+X pages found.
Loading, please wait...
starting version 237
[    1.749898] Fusion MPT base driver 3.04.20
[    1.751178] Copyright (c) 1999-2008 LSI Corporation
[    1.770189] AVX2 version of gcm_enc/dec engaged.
[    1.771378] AES CTR mode by8 optimization enabled
[    1.777648] e1000: Intel(R) PRO/1000 Network Driver - version 7.3.21-k8-NAPI
[    1.780267] e1000: Copyright (c) 1999-2006 Intel Corporation.
[    1.796308] Fusion MPT SPI Host driver 3.04.20
[    1.802092] mptbase: ioc0: Initiating bringup
[    2.263638] input: ImExPS/2 Generic Explorer Mouse as /devices/platform/i8042/serio1/input/input4
[    2.313666] ioc0: LSI53C1030 A0: Capabilities={Initiator}
[    5.139000] scsi host2: ioc0: LSI53C1030 A0, FwRev=00000000h, Ports=1, MaxQ=256, IRQ=20
[    6.860287] scsi 2:0:0:0: Direct-Access     VBOX     HARDDISK         1.0  PQ: 0 ANSI: 5
[    6.911875] scsi target2:0:0: Beginning Domain Validation
[    6.924989] scsi target2:0:0: Domain Validation skipping write tests
[    6.935160] scsi target2:0:0: Ending Domain Validation
[    6.943712] scsi target2:0:0: asynchronous
[    6.952953] scsi 2:0:1:0: Direct-Access     VBOX     HARDDISK         1.0  PQ: 0 ANSI: 5
[    7.311445] scsi target2:0:1: Beginning Domain Validation
[    7.315378] random: fast init done
[    7.317122] scsi target2:0:1: Domain Validation skipping write tests
[    7.320618] scsi target2:0:1: Ending Domain Validation
[    7.322671] scsi target2:0:1: asynchronous
[    7.328509] random: systemd-udevd: uninitialized urandom read (16 bytes read)
[    7.331123] random: systemd-udevd: uninitialized urandom read (16 bytes read)
[    7.333994] random: systemd-udevd: uninitialized urandom read (16 bytes read)
[    7.337714] sd 2:0:0:0: Attached scsi generic sg0 type 0
[    7.342163] sd 2:0:1:0: [sdb] 20480 512-byte logical blocks: (10.5 MB/10.0 MiB)
[    7.344226] e1000 0000:00:03.0 eth0: (PCI:33MHz:32-bit) 02:8f:10:d1:b0:9c
[    7.344230] e1000 0000:00:03.0 eth0: Intel(R) PRO/1000 Network Connection
[    7.346046] sd 2:0:1:0: Attached scsi generic sg1 type 0
[    7.349130] sd 2:0:1:0: [sdb] Write Protect is off
[    7.351040] sd 2:0:0:0: [sda] 83886080 512-byte logical blocks: (42.9 GB/40.0 GiB)
[    7.355271] sd 2:0:1:0: [sdb] Incomplete mode parameter data
[    7.356330] e1000 0000:00:03.0 enp0s3: renamed from eth0
[    7.357130] sd 2:0:1:0: [sdb] Assuming drive cache: write through
[    7.358791] sd 2:0:0:0: [sda] Write Protect is off
[    7.361586] sd 2:0:0:0: [sda] Incomplete mode parameter data
[    7.363103] sd 2:0:0:0: [sda] Assuming drive cache: write through
[    7.366897]  sda: sda1
[    7.367128] sd 2:0:1:0: [sdb] Attached SCSI disk
[    7.370314] sd 2:0:0:0: [sda] Attached SCSI disk
Begin: Loading essential drivers ... [    9.080084] raid6: sse2x1   gen() 10465 MB/s
[    9.128114] raid6: sse2x1   xor()  7132 MB/s
[    9.176110] raid6: sse2x2   gen() 13948 MB/s
[    9.224064] raid6: sse2x2   xor()  9563 MB/s
[    9.272153] raid6: sse2x4   gen() 13714 MB/s
[    9.320106] raid6: sse2x4   xor()  7606 MB/s
[    9.368100] raid6: avx2x1   gen() 23221 MB/s
[    9.416063] raid6: avx2x1   xor() 16049 MB/s
[    9.464080] raid6: avx2x2   gen() 24850 MB/s
[    9.512066] raid6: avx2x2   xor() 16222 MB/s
[    9.560082] raid6: avx2x4   gen() 18913 MB/s
[    9.608114] raid6: avx2x4   xor() 18699 MB/s
[    9.609159] raid6: using algorithm avx2x2 gen() 24850 MB/s
[    9.610519] raid6: .... xor() 16222 MB/s, rmw enabled
[    9.611934] raid6: using avx2x2 recovery algorithm
[    9.614312] xor: automatically using best checksumming function   avx       
[    9.616909] async_tx: api initialized (async)
done.
Begin: Running /scripts/init-premount ... done.
Begin: Mounting root file system ... Begin: Running /scripts/local-top ... done.
Begin: Running /scripts/local-premount ... [    9.665684] Btrfs loaded, crc32c=crc32c-intel
Scanning for Btrfs filesystems
done.
Warning: fsck not present, so skipping root file system
[    9.705453] EXT4-fs (sda1): mounted filesystem with ordered data mode. Opts: (null)
done.
Begin: Running /scripts/local-bottom ... done.
Begin: Running /scripts/init-bottom ... done.
[   10.109409] ip_tables: (C) 2000-2006 Netfilter Core Team
[   10.154901] systemd[1]: systemd 237 running in system mode. (+PAM +AUDIT +SELINUX +IMA +APPARMOR +SMACK +SYSVINIT +UTMP +LIBCRYPTSETUP +GCRYPT +GNUTLS +ACL +XZ +LZ4 +SECCOMP +BLKID +ELFUTILS +KMOD -IDN2 +IDN -PCRE2 default-hierarchy=hybrid)
[   10.178266] systemd[1]: Detected virtualization oracle.
[   10.185293] systemd[1]: Detected architecture x86-64.

Welcome to [1mUbuntu 18.04.5 LTS[0m!

[   10.234207] systemd[1]: Set hostname to <ubuntu>.
[   10.246894] systemd[1]: Initializing machine ID from random generator.
[   10.251195] systemd[1]: Installed transient /etc/machine-id file.
[   10.723419] systemd[1]: Started Forward Password Requests to Wall Directory Watch.
[[0;32m  OK  [0m] Started Forward Password Requests to Wall Directory Watch.
[   10.727685] systemd[1]: Created slice System Slice.
[[0;32m  OK  [0m] Created slice System Slice.
[   10.729749] systemd[1]: Listening on udev Kernel Socket.
[[0;32m  OK  [0m] Listening on udev Kernel Socket.
[   10.740683] systemd[1]: Listening on Journal Audit Socket.
[[0;32m  OK  [0m] Listening on Journal Audit Socket.
[[0;32m  OK  [0m] Listening on Journal Socket.
         Starting Load Kernel Modules...
         Starting Uncomplicated firewall...
         Starting Set the console keyboard layout...
[[0;32m  OK  [0m] Listening on Network Service Netlink Socket.
[[0;32m  OK  [0m] Listening on /dev/initctl Compatibility Named Pipe.
[   10.775001] Loading iSCSI transport class v2.0-870.
[[0;32m  OK  [0m] Listening on fsck to fsckd communication Socket.
[[0;32m  OK  [0m] Listening on LVM2 metadata daemon socket.
[[0;32m  OK  [0m] Listening on ude[   10.783879] iscsi: registered transport (tcp)
v Control Socket.
         Starting udev Coldplug all Devices...
         Mounting POSIX Message Queue File System...
[   10.808023] iscsi: registered transport (iser)
[[0;32m  OK  [0m] Listening on Device-mapper event daemon FIFOs.
         Starting Monitoring of LVM2 mirrors…ng dmeventd or progress polling...
[[0;32m  OK  [0m] Reached target User and Group Name Lookups.
[[0;32m  OK  [0m] Reached target Swap.
[[0;32m  OK  [0m] Listening on LVM2 poll daemon socket.
         Mounting Huge Pages File System...
[[0;32m  OK  [0m] Reached target System Time Synchronized.
[[0;32m  OK  [0m] Created slice User and Session Slice.
[[0;32m  OK  [0m] Reached target Slices.
[[0;32m  OK  [0m] Listening on Syslog Socket.
[[0;32m  OK  [0m] Set up automount Arbitrary Executab…rmats File System Automount Point.
         Starting Create list of required st…ce nodes for the current kernel...
[[0;32m  OK  [0m] Listening on Journal Socket (/dev/log).
         Mounting Kernel Debug File System...
         Starting Journal Service...
[[0;32m  OK  [0m] Created slice system-serial\x2dgetty.slice.
         Starting File System Check on Root Device...
[[0;32m  OK  [0m] Started Load Kernel Modules.
[[0;32m  OK  [0m] Started Uncomplicated firewall.
[[0;32m  OK  [0m] Mounted POSIX Message Queue File System.
[[0;32m  OK  [0m] Mounted Huge Pages File System.
[[0;32m  OK  [0m] Mounted Kernel Debug File System.
[[0;32m  OK  [0m] Started LVM2 metadata daemon.
         Mounting Kernel Configuration File System...
         Mounting FUSE Control File System...
         Starting Apply Kernel Variables...
[[0;32m  OK  [0m] Started Create list of required sta…vice nodes for the current kernel.
[[0;32m  OK  [0m] Mounted Kernel Configuration File System.
[[0;32m  OK  [0m] Mounted FUSE Control File System.
[[0;32m  OK  [0m] Started udev Coldplug all Devices.
[[0;32m  OK  [0m] Started File System Check Daemon to report status.
         Starting Create Static Device Nodes in /dev...
[[0;32m  OK  [0m] Started Journal Service.
[[0;32m  OK  [0m] Started Monitoring of LVM2 mirrors,…sing dmeventd or progress polling.
[[0;32m  OK  [0m] Started File System Check on Root Device.
         Starting Remount Root and Kernel File Systems...
[[0;32m  OK  [0m] Started Apply Kernel Variables.
[[0;32m  OK  [0m] Started Create Static Device Nodes in /dev.
[[0;32m  OK  [0m] Started Remount Root and Kernel File Systems.
         Starting Flush Journal to Persistent Storage...
         Starting Load/Save Random Seed...
         Starting udev Kernel Device Manager...
[[0;32m  OK  [0m] Started Load/Save Random Seed.
[[0;32m  OK  [0m] Started udev Kernel Device Manager.
[[0;32m  OK  [0m] Started Flush Journal to Persistent Storage.
[[0;32m  OK  [0m] Found device /dev/ttyS0.
[[0;32m  OK  [0m] Listening on Load/Save RF Kill Switch Status /dev/rfkill Watch.
[[0;32m  OK  [0m] Started Set the console keyboard layout.
[[0;32m  OK  [0m] Reached target Local File Systems (Pre).
[[0;32m  OK  [0m] Reached target Local File Systems.
         Starting Set console font and keymap...
         Starting Commit a transient machine-id on disk...
         Starting Tell Plymouth To Write Out Runtime Data...
         Starting ebtables ruleset management...
         Starting AppArmor initialization...
         Starting Create Volatile Files and Directories...
[[0;32m  OK  [0m] Started Dispatch Password Requests to Console Directory Watch.
[[0;32m  OK  [0m] Reached target Local Encrypted Volumes.
[[0;32m  OK  [0m] Started Set console font and keymap.
[[0;32m  OK  [0m] Started Tell Plymouth To Write Out Runtime Data.
[[0;32m  OK  [0m] Started Create Volatile Files and Directories.
         Starting Update UTMP about System Boot/Shutdown...
[[0;32m  OK  [0m] Started Update UTMP about System Boot/Shutdown.
[[0;32m  OK  [0m] Started Commit a transient machine-id on disk.
[[0;32m  OK  [0m] Started ebtables ruleset management.
[[0;32m  OK  [0m] Started AppArmor initialization.
         Starting Load AppArmor profiles managed internally by snapd...
         Starting Initial cloud-init job (pre-networking)...
[[0;32m  OK  [0m] Started Load AppArmor profiles managed internally by snapd.
[   18.065998] cloud-init[651]: Cloud-init v. 21.2-3-g899bfaa9-0ubuntu2~18.04.1 running 'init-local' at Fri, 17 Sep 2021 15:05:54 +0000. Up 17.20 seconds.
[[0;32m  OK  [0m] Started Initial cloud-init job (pre-networking).
[[0;32m  OK  [0m] Reached target Network (Pre).
         Starting Network Service...
[[0;32m  OK  [0m] Started Network Service.
         Starting Wait for Network to be Configured...
         Starting Network Name Resolution...
[[0;32m  OK  [0m] Started Network Name Resolution.
[[0;32m  OK  [0m] Reached target Host and Network Name Lookups.
[[0;32m  OK  [0m] Reached target Network.
[[0;32m  OK  [0m] Started Wait for Network to be Configured.
         Starting Initial cloud-init job (metadata service crawler)...
[   21.309643] cloud-init[774]: Cloud-init v. 21.2-3-g899bfaa9-0ubuntu2~18.04.1 running 'init' at Fri, 17 Sep 2021 15:05:58 +0000. Up 20.89 seconds.
[   21.314204] cloud-init[774]: ci-info: ++++++++++++++++++++++++++++++++++++++Net device info++++++++++++++++++++++++++++++++++++++
[   21.318595] cloud-init[774]: ci-info: +--------+------+----------------------------+---------------+--------+-------------------+
[   21.321692] cloud-init[774]: ci-info: | Device |  Up  |          Address           |      Mask     | Scope  |     Hw-Address    |
[   21.332416] cloud-init[774]: ci-info: +--------+------+----------------------------+---------------+--------+-------------------+
[   21.348372] cloud-init[774]: ci-info: | enp0s3 | True |         10.0.2.15          | 255.255.255.0 | global | 02:8f:10:d1:b0:9c |
[   21.353103] cloud-init[774]: ci-info: | enp0s3 | True | fe80::8f:10ff:fed1:b09c/64 |       .       |  link  | 02:8f:10:d1:b0:9c |
[   21.356427] cloud-init[774]: ci-info: |   lo   | True |         127.0.0.1          |   255.0.0.0   |  host  |         .         |
[   21.359702] cloud-init[774]: ci-info: |   lo   | True |          ::1/128           |       .       |  host  |         .         |
[   21.363223] cloud-init[774]: ci-info: +--------+------+----------------------------+---------------+--------+-------------------+
[   21.366232] cloud-init[774]: ci-info: ++++++++++++++++++++++++++++Route IPv4 info+++++++++++++++++++++++++++++
[   21.369407] cloud-init[774]: ci-info: +-------+-------------+----------+-----------------+-----------+-------+
[   21.372656] cloud-init[774]: ci-info: | Route | Destination | Gateway  |     Genmask     | Interface | Flags |
[   21.375005] cloud-init[774]: ci-info: +-------+-------------+----------+-----------------+-----------+-------+
[   21.377681] cloud-init[774]: ci-info: |   0   |   0.0.0.0   | 10.0.2.2 |     0.0.0.0     |   enp0s3  |   UG  |
[   21.396813] cloud-init[774]: ci-info: |   1   |   10.0.2.0  | 0.0.0.0  |  255.255.255.0  |   enp0s3  |   U   |
[   21.401278] cloud-init[774]: ci-info: |   2   |   10.0.2.2  | 0.0.0.0  | 255.255.255.255 |   enp0s3  |   UH  |
[   21.407357] cloud-init[774]: ci-info: +-------+-------------+----------+-----------------+-----------+-------+
[   21.420821] cloud-init[774]: ci-info: +++++++++++++++++++Route IPv6 info+++++++++++++++++++
[   21.426652] cloud-init[774]: ci-info: +-------+-------------+---------+-----------+-------+
[   21.440457] cloud-init[774]: ci-info: | Route | Destination | Gateway | Interface | Flags |
[   21.443909] cloud-init[774]: ci-info: +-------+-------------+---------+-----------+-------+
[   21.447696] cloud-init[774]: ci-info: |   1   |  fe80::/64  |    ::   |   enp0s3  |   U   |
[   21.456488] cloud-init[774]: ci-info: |   3   |    local    |    ::   |   enp0s3  |   U   |
[   21.457858] cloud-init[774]: ci-info: |   4   |   ff00::/8  |    ::   |   enp0s3  |   U   |
[   21.472430] cloud-init[774]: ci-info: +-------+-------------+---------+-----------+-------+
[   23.275607] cloud-init[774]: Generating public/private rsa key pair.
[   23.288467] cloud-init[774]: Your identification has been saved in /etc/ssh/ssh_host_rsa_key.
[   23.290174] cloud-init[774]: Your public key has been saved in /etc/ssh/ssh_host_rsa_key.pub.
[   23.292522] cloud-init[774]: The key fingerprint is:
[   23.293504] cloud-init[774]: SHA256:Gmy1drOGl9MUk183+l6d9iOvlc+VmP/guKwcuwGywOM root@ubuntu-bionic
[   23.294570] cloud-init[774]: The key's randomart image is:
[   23.304300] cloud-init[774]: +---[RSA 2048]----+
[   23.305365] cloud-init[774]: |                 |
[   23.306440] cloud-init[774]: |             .   |
[   23.307531] cloud-init[774]: |        .   +  .o|
[   23.308651] cloud-init[774]: |   . . . .   +..o|
[   23.309732] cloud-init[774]: |    + = S o ...  |
[   23.320226] cloud-init[774]: |   . + * + *  + =|
[   23.332267] cloud-init[774]: |    E o . O .o.B+|
[   23.344337] cloud-init[774]: |         + * +=+=|
[   23.356272] cloud-init[774]: |          =o+o=+B|
[   23.356771] cloud-init[774]: +----[SHA256]-----+
[[0;32m  OK  [0m] Started Initial cloud-init job (metadata service crawler).
[[0;32m  OK  [0m] Reached target System Initialization.
[   23.374961] cloud-init[774]: Generating public/private dsa key pair.
[   23.378236] cloud-init[774]: Your identification has been saved in /etc/ssh/ssh_host_dsa_key.
         Starting Socket activation for snappy daemon.
[   23.397096] cloud-init[774]: Your public key has been saved in /etc/ssh/ssh_host_dsa_key.pub.
[[   23.398364] [0;32m  OK  [0mcloud-init] [774]: Started Message of the Day.The key fingerprint is:

[[   23.408749] [0;32m  OK  [0mcloud-init] [774]: Started ACPI Events Check.SHA256:VyeCNrLyxI0b66XW9lYdNvg6rdataPxY2m6a0ASW9jk root@ubuntu-bionic

[   23.408870] cloud-init[774]: The key's randomart image is:
[[0;32m  OK  [0m] Listening on UUID daemon activation socket.
[   23.425191] cloud-init[774]: +---[DSA 1024]----+
[   23.441793] cloud-init[774]: |                 |
[   23.441955] cloud-init[774]: |         . .     |
[   23.442663] cloud-init[774]: |      . + * o..  |
[   23.444395] cloud-init[774]: |     . * + =.++  |
[   23.444996] cloud-init[774]: |    . * S . E+ o |
[[0;32m  OK  [0m] Started Daily apt download activities.[   23.445527] 
cloud-init[774]: |     + + . o..o  |
[   23.446086] cloud-init[774]: |      +.. .o.+.. |
[   23.446213] cloud-init[774]: |     ..oo ..*B+ .|
[   23.446944] cloud-init[774]: |     .o. o.oBB=. |
[   23.447376] cloud-init[774]: +----[SHA256]-----+
[   23.448202] cloud-init[774]: Generating public/private ecdsa key pair.
[   23.448497] cloud-init[774]: Your identification has been saved in /etc/ssh/ssh_host_ecdsa_key.
[   23.450427] cloud-init[774]: Your public key has been saved in /etc/ssh/ssh_host_ecdsa_key.pub.
[   23.451596] cloud-init[774]: The key fingerprint is:
[[   23.462427] cloud-init[774]: SHA256:BcO4MSAqB7AMwQZkR9CnHCsNhyU4LNG/NaWhl9KQarQ root@ubuntu-bionic
[   23.462805] cloud-init[774]: The key's randomart image is:
[   23.463279] cloud-init[774]: +---[ECDSA 256]---+
[   23.465040] cloud-init[774]: |#OB+.o oo        |
[   23.466150] cloud-init[774]: |BX==o.= oo       |
[   23.467084] cloud-init[774]: |*+*+=+ O  .      |
[   23.467607] cloud-init[774]: |.oE=+ O  .       |
[   23.468377] cloud-init[774]: | ..  = .S        |
[   23.469216] cloud-init[774]: |    .            |
[   23.470110] cloud-init[774]: |                 |
[   23.470949] cloud-init[774]: |                 |
[   23.471407] cloud-init[774]: |                 |
[   23.472351] cloud-init[774]: +----[SHA256]-----+
[   23.473082] cloud-init[774]: Generating public/private ed25519 key pair.
[   23.473998] cloud-init[774]: Your identification has been saved in /etc/ssh/ssh_host_ed25519_key.
[   23.474286] cloud-init[774]: Your public key has been saved in /etc/ssh/ssh_host_ed25519_key.pub.
[   23.475177] cloud-init[774]: The key fingerprint is:
[   23.476505] cloud-init[774]: SHA256:S0kwibeC6pbMNwrxDAS/TGD048SBc/gXj2wlTa8/Lbo root@ubuntu-bionic
[   23.477223] cloud-init[774]: The key's randomart image is:
[   23.478037] cloud-init[774]: +--[ED25519 256]--+
[   23.479014] cloud-init[774]: |+oo. .=o         |
[   23.479143] cloud-init[774]: |o*o.ooo=.        |
[   23.480100] cloud-init[774]: | .**..*...       |
[   23.480256] cloud-init[774]: |.o+oo=.o..       |
[   23.480629] cloud-init[774]: |o.o.o. .S        |
[   23.480742] cloud-init[774]: |.=     ....      |
[   23.481519] cloud-init[774]: |= +     .+ .     |
[0;32m  OK  [0m[   23.482289] ] cloud-initListening on D-Bus System Message Bus Socket.[774]: 
|.* o    . o      |
[   23.491893] cloud-init[774]: |..o .  E.        |
[   23.492907] cloud-init[774]: +----[SHA256]-----+
[[0;32m  OK  [0m] Started Ubuntu Advantage update messaging.
[[0;32m  OK  [0m] Started Discard unused blocks once a week.
[[0;32m  OK  [0m] Listening on ACPID Listen Socket.
[[0;32m  OK  [0m] Reached target Paths.
[[0;32m  OK  [0m] Started Daily apt upgrade and clean activities.
[[0;32m  OK  [0m] Listening on Open-iSCSI iscsid Socket.
         Starting LXD - unix socket.
[[0;32m  OK  [0m] Started Daily Cleanup of Temporary Directories.
[[0;32m  OK  [0m] Reached target Timers.
[[0;32m  OK  [0m] Reached target Cloud-config availability.
[[0;32m  OK  [0m] Reached target Network is Online.
[[0;32m  OK  [0m] Reached target Remote File Systems (Pre).
[[0;32m  OK  [0m] Reached target Remote File Systems.
         Starting Availability of block devices...
[[0;32m  OK  [0m] Listening on Socket activation for snappy daemon.
[[0;32m  OK  [0m] Listening on LXD - unix socket.
[[0;32m  OK  [0m] Started Availability of block devices.
[[0;32m  OK  [0m] Reached target Sockets.
[[0;32m  OK  [0m] Reached target Basic System.
         Starting Virtualbox guest utils...
[[0;32m  OK  [0m] Started D-Bus System Message Bus.
         Starting Permit User Sessions...
         Starting Dispatcher daemon for systemd-networkd...
         Starting LSB: automatic crash report generation...
         Starting Accounts Service...
[[0;32m  OK  [0m] Started Deferred execution scheduler.
[[0;32m  OK  [0m] Started irqbalance daemon.
         Starting Login Service...
         Starting Pollinate to seed the pseudo random number generator...
         Starting LSB: Record successful boot for GRUB...
[[0;32m  OK  [0m] Started FUSE filesystem for LXC.
         Starting System Logging Service...
         Starting LXD - container startup/shutdown...
[[0;32m  OK  [0m] Started Regular background program processing daemon.
         Starting Snap Daemon...
[[0;32m  OK  [0m] Started System Logging Service.
[[0;32m  OK  [0m] Started Permit User Sessions.
[[0;32m  OK  [0m] Started Login Service.
[[0;32m  OK  [0m] Started Unattended Upgrades Shutdown.
         Starting Authorization Manager...
         Starting Terminate Plymouth Boot Screen...
         Starting Hold until boot process finishes up...
[[0;32m  OK  [0m] Started Hold until boot process finishes up.
[[0;32m  OK  [0m] Started Terminate Plymouth Boot Screen.
[[0;32m  OK  [0m] Started LXD - container startup/shutdown.
[[0;32m  OK  [0m] Started Serial Getty on ttyS0.
         Starting Set console scheme...
[[0;32m  OK  [0m] Started LSB: automatic crash report generation.
[[0;32m  OK  [0m] Started Set console scheme.
[[0;32m  OK  [0m] Created slice system-getty.slice.
[[0;32m  OK  [0m] Started Getty on tty1.
[[0;32m  OK  [0m] Reached target Login Prompts.
[[0;32m  OK  [0m] Started Authorization Manager.
[[0;32m  OK  [0m] Started Accounts Service.
[[0;32m  OK  [0m] Started LSB: Record successful boot for GRUB.
[[0;32m  OK  [0m] Started Virtualbox guest utils.
[[0;32m  OK  [0m] Started Dispatcher daemon for systemd-networkd.
[[0;32m  OK  [0m] Started Snap Daemon.
         Starting Wait until snapd is fully seeded...
[[0;32m  OK  [0m] Started Pollinate to seed the pseudo random number generator.
         Starting OpenBSD Secure Shell server...
[[0;32m  OK  [0m] Started OpenBSD Secure Shell server.
[[0;32m  OK  [0m] Started Wait until snapd is fully seeded.
         Starting Apply the settings specified in cloud-config...
[[0;32m  OK  [0m] Reached target Multi-User System.
[[0;32m  OK  [0m] Reached target Graphical Interface.
         Starting Update UTMP about System Runlevel Changes...
[[0;32m  OK  [0m] Started Update UTMP about System Runlevel Changes.
[[0;32m  OK  [0m] Created slice User Slice of vagrant.
         Starting User Manager for UID 1000...
[[0;32m  OK  [0m] Started Session 1 of user vagrant.
[[0;32m  OK  [0m] Started User Manager for UID 1000.
[   29.059859] cloud-init[1275]: Cloud-init v. 21.2-3-g899bfaa9-0ubuntu2~18.04.1 running 'modules:config' at Fri, 17 Sep 2021 15:06:05 +0000. Up 28.27 seconds.
[[0;32m  OK  [0m] Started Apply the settings specified in cloud-config.
         Starting Execute cloud user/final scripts...
ci-info: no authorized SSH keys fingerprints found for user ubuntu.

Ubuntu 18.04.5 LTS ubuntu-bionic ttyS0

ubuntu-bionic login: <14>Sep 17 15:06:07 cloud-init: #############################################################
<14>Sep 17 15:06:07 cloud-init: -----BEGIN SSH HOST KEY FINGERPRINTS-----
<14>Sep 17 15:06:07 cloud-init: 1024 SHA256:VyeCNrLyxI0b66XW9lYdNvg6rdataPxY2m6a0ASW9jk root@ubuntu-bionic (DSA)
<14>Sep 17 15:06:07 cloud-init: 256 SHA256:BcO4MSAqB7AMwQZkR9CnHCsNhyU4LNG/NaWhl9KQarQ root@ubuntu-bionic (ECDSA)
<14>Sep 17 15:06:07 cloud-init: 256 SHA256:S0kwibeC6pbMNwrxDAS/TGD048SBc/gXj2wlTa8/Lbo root@ubuntu-bionic (ED25519)
<14>Sep 17 15:06:07 cloud-init: 2048 SHA256:Gmy1drOGl9MUk183+l6d9iOvlc+VmP/guKwcuwGywOM root@ubuntu-bionic (RSA)
<14>Sep 17 15:06:07 cloud-init: -----END SSH HOST KEY FINGERPRINTS-----
<14>Sep 17 15:06:07 cloud-init: #############################################################
-----BEGIN SSH HOST KEY KEYS-----
ecdsa-sha2-nistp256 AAAAE2VjZHNhLXNoYTItbmlzdHAyNTYAAAAIbmlzdHAyNTYAAABBBKQtt8SNqWzPVDkKZuL5f4utgFXkp4vnXJz0GHVqgypOzGxVxyIGZ0n3u2pnAvRkdMGBUId0pIRXjoIx81LJNSM= root@ubuntu-bionic
ssh-ed25519 AAAAC3NzaC1lZDI1NTE5AAAAICJ0U8WSJlh0p2VPhQxuufwGXSJtJxPBQcVZ8cb7gbtJ root@ubuntu-bionic
ssh-rsa AAAAB3NzaC1yc2EAAAADAQABAAABAQComNPkBqKGImmpBfVFsmRN+H73Xadd0TKS/AuowRyHQIAHncK5Qrc7MdHV9as6O0A5Ct6QJuI7MAP7DOYR9mypppl+wInOSbZSooBkjhZ2Iy4Ioo5UDO6fMcqa5Pe2+2x1rPDdznk7XvJ7HnA8DNtjaNuL9OpaXDvQkc4zXdbCROw1ybEzpg0woDtaYCViNFITwejc7bR5XtbhIQHHlkYL/bghkJQfS9QAbqUeUpk7GbOFXdD85XIYMjqatCHdbiLKvfrZVvoXDxfHzepfEfqyZGyL9g7nQq6dqmWxS5Z8xKl067XZg4dalJqU59I/N20dcKjJdqr17JP6ExxIT+jf root@ubuntu-bionic
-----END SSH HOST KEY KEYS-----
[   30.499715] cloud-init[1390]: Cloud-init v. 21.2-3-g899bfaa9-0ubuntu2~18.04.1 running 'modules:final' at Fri, 17 Sep 2021 15:06:07 +0000. Up 29.92 seconds.
[   30.507471] cloud-init[1390]: ci-info: no authorized SSH keys fingerprints found for user ubuntu.
[   30.516056] cloud-init[1390]: Cloud-init v. 21.2-3-g899bfaa9-0ubuntu2~18.04.1 finished at Fri, 17 Sep 2021 15:06:07 +0000. Datasource DataSourceNoCloud [seed=/dev/sdb][dsmode=net].  Up 30.47 seconds
